<?xml version="1.0" encoding="UTF-8"?>
<!-- Generated by org.testng.reporters.JUnitReportReporter -->
<testsuite hostname="DESKTOP-103VM7T" failures="0" tests="5" name="testCases.TC_VideoGameAPI" time="8.914" errors="0" timestamp="2022-03-22T14:52:25 EDT" skipped="0">
  <testcase classname="testCases.TC_VideoGameAPI" name="test_GetAllVideoGames" time="3.269"/>
  <system-out/>
  <testcase classname="testCases.TC_VideoGameAPI" name="test_AddNewVideoGame" time="0.810"/>
  <system-out/>
  <testcase classname="testCases.TC_VideoGameAPI" name="test_getVideoGame" time="1.558"/>
  <system-out/>
  <testcase classname="testCases.TC_VideoGameAPI" name="test_updateVideoGame" time="0.198"/>
  <system-out/>
  <testcase classname="testCases.TC_VideoGameAPI" name="test_deleteVideoGame" time="3.079"/>
  <system-out/>
</testsuite> <!-- testCases.TC_VideoGameAPI -->
